Determining if the pthread_create exist failed with the following output:
Change Dir: /home/yasu-k2/work/2015-soft3/20151007/build/beginner_tutorials/CMakeFiles/CMakeTmp

Run Build Command:/usr/bin/make "cmTryCompileExec631465503/fast"
/usr/bin/make -f CMakeFiles/cmTryCompileExec631465503.dir/build.make CMakeFiles/cmTryCompileExec631465503.dir/build
make[1]: ディレクトリ `/home/yasu-k2/work/2015-soft3/20151007/build/beginner_tutorials/CMakeFiles/CMakeTmp' に入ります
/usr/bin/cmake -E cmake_progress_report /home/yasu-k2/work/2015-soft3/20151007/build/beginner_tutorials/CMakeFiles/CMakeTmp/CMakeFiles 1
Building C object CMakeFiles/cmTryCompileExec631465503.dir/CheckSymbolExists.c.o
/usr/bin/cc    -o CMakeFiles/cmTryCompileExec631465503.dir/CheckSymbolExists.c.o   -c /home/yasu-k2/work/2015-soft3/20151007/build/beginner_tutorials/CMakeFiles/CMakeTmp/CheckSymbolExists.c
Linking C executable cmTryCompileExec631465503
/usr/bin/cmake -E cmake_link_script CMakeFiles/cmTryCompileExec631465503.dir/link.txt --verbose=1
/usr/bin/cc       CMakeFiles/cmTryCompileExec631465503.dir/CheckSymbolExists.c.o  -o cmTryCompileExec631465503 -rdynamic 
CMakeFiles/cmTryCompileExec631465503.dir/CheckSymbolExists.c.o: 関数 `main' 内:
CheckSymbolExists.c:(.text+0x16): `pthread_create' に対する定義されていない参照です
collect2: error: ld returned 1 exit status
make[1]: ディレクトリ `/home/yasu-k2/work/2015-soft3/20151007/build/beginner_tutorials/CMakeFiles/CMakeTmp' から出ます
make[1]: *** [cmTryCompileExec631465503] エラー 1
make: *** [cmTryCompileExec631465503/fast] エラー 2

File /home/yasu-k2/work/2015-soft3/20151007/build/beginner_tutorials/CMakeFiles/CMakeTmp/CheckSymbolExists.c:
/* */
#include <pthread.h>

int main(int argc, char** argv)
{
  (void)argv;
#ifndef pthread_create
  return ((int*)(&pthread_create))[argc];
#else
  (void)argc;
  return 0;
#endif
}

Determining if the function pthread_create exists in the pthreads failed with the following output:
Change Dir: /home/yasu-k2/work/2015-soft3/20151007/build/beginner_tutorials/CMakeFiles/CMakeTmp

Run Build Command:/usr/bin/make "cmTryCompileExec3356032967/fast"
/usr/bin/make -f CMakeFiles/cmTryCompileExec3356032967.dir/build.make CMakeFiles/cmTryCompileExec3356032967.dir/build
make[1]: ディレクトリ `/home/yasu-k2/work/2015-soft3/20151007/build/beginner_tutorials/CMakeFiles/CMakeTmp' に入ります
/usr/bin/cmake -E cmake_progress_report /home/yasu-k2/work/2015-soft3/20151007/build/beginner_tutorials/CMakeFiles/CMakeTmp/CMakeFiles 1
Building C object CMakeFiles/cmTryCompileExec3356032967.dir/CheckFunctionExists.c.o
/usr/bin/cc   -DCHECK_FUNCTION_EXISTS=pthread_create   -o CMakeFiles/cmTryCompileExec3356032967.dir/CheckFunctionExists.c.o   -c /usr/share/cmake-2.8/Modules/CheckFunctionExists.c
Linking C executable cmTryCompileExec3356032967
/usr/bin/cmake -E cmake_link_script CMakeFiles/cmTryCompileExec3356032967.dir/link.txt --verbose=1
/usr/bin/cc   -DCHECK_FUNCTION_EXISTS=pthread_create    CMakeFiles/cmTryCompileExec3356032967.dir/CheckFunctionExists.c.o  -o cmTryCompileExec3356032967 -rdynamic -lpthreads 
/usr/bin/ld: -lpthreads が見つかりません
collect2: error: ld returned 1 exit status
make[1]: ディレクトリ `/home/yasu-k2/work/2015-soft3/20151007/build/beginner_tutorials/CMakeFiles/CMakeTmp' から出ます
make[1]: *** [cmTryCompileExec3356032967] エラー 1
make: *** [cmTryCompileExec3356032967/fast] エラー 2


